2025-12-23 23:26:48.387 | INFO     | app.main | main.py:26 | lifespan | Startup complete
2025-12-23 23:27:17.284 | INFO     | app.main | main.py:29 | lifespan | Shutdown complete
2025-12-23 23:30:41.806 | INFO     | app.main | main.py:26 | lifespan | Startup complete
2025-12-23 23:46:54.839 | WARNING  | passlib.handlers.bcrypt | bcrypt.py:622 | _load_backend_mixin | (trapped) error reading bcrypt version
Traceback (most recent call last):
  File "/home/bharat/Documents/skepesis/venv/lib/python3.13/site-packages/passlib/handlers/bcrypt.py", line 620, in _load_backend_mixin
    version = _bcrypt.__about__.__version__
              ^^^^^^^^^^^^^^^^^
AttributeError: module 'bcrypt' has no attribute '__about__'
2025-12-23 23:46:54.844 | ERROR    | app.routers.auth | auth.py:107 | register | Registration error: password cannot be longer than 72 bytes, truncate manually if necessary (e.g. my_password[:72])
2025-12-23 23:46:54.844 | ERROR    | app.database | database.py:50 | get_db | Database session error: 500: Registration failed
2025-12-23 23:46:56.574 | WARNING  | passlib.handlers.bcrypt | bcrypt.py:622 | _load_backend_mixin | (trapped) error reading bcrypt version
Traceback (most recent call last):
  File "/home/bharat/Documents/skepesis/venv/lib/python3.13/site-packages/passlib/handlers/bcrypt.py", line 620, in _load_backend_mixin
    version = _bcrypt.__about__.__version__
              ^^^^^^^^^^^^^^^^^
AttributeError: module 'bcrypt' has no attribute '__about__'
2025-12-23 23:46:56.581 | ERROR    | app.routers.auth | auth.py:107 | register | Registration error: password cannot be longer than 72 bytes, truncate manually if necessary (e.g. my_password[:72])
2025-12-23 23:46:56.581 | ERROR    | app.database | database.py:50 | get_db | Database session error: 500: Registration failed
2025-12-23 23:46:57.482 | WARNING  | passlib.handlers.bcrypt | bcrypt.py:622 | _load_backend_mixin | (trapped) error reading bcrypt version
Traceback (most recent call last):
  File "/home/bharat/Documents/skepesis/venv/lib/python3.13/site-packages/passlib/handlers/bcrypt.py", line 620, in _load_backend_mixin
    version = _bcrypt.__about__.__version__
              ^^^^^^^^^^^^^^^^^
AttributeError: module 'bcrypt' has no attribute '__about__'
2025-12-23 23:46:57.489 | ERROR    | app.routers.auth | auth.py:107 | register | Registration error: password cannot be longer than 72 bytes, truncate manually if necessary (e.g. my_password[:72])
2025-12-23 23:46:57.489 | ERROR    | app.database | database.py:50 | get_db | Database session error: 500: Registration failed
2025-12-23 23:47:06.587 | WARNING  | passlib.handlers.bcrypt | bcrypt.py:622 | _load_backend_mixin | (trapped) error reading bcrypt version
Traceback (most recent call last):
  File "/home/bharat/Documents/skepesis/venv/lib/python3.13/site-packages/passlib/handlers/bcrypt.py", line 620, in _load_backend_mixin
    version = _bcrypt.__about__.__version__
              ^^^^^^^^^^^^^^^^^
AttributeError: module 'bcrypt' has no attribute '__about__'
2025-12-23 23:47:06.593 | ERROR    | app.routers.auth | auth.py:107 | register | Registration error: password cannot be longer than 72 bytes, truncate manually if necessary (e.g. my_password[:72])
2025-12-23 23:47:06.594 | ERROR    | app.database | database.py:50 | get_db | Database session error: 500: Registration failed
2025-12-23 23:49:18.864 | ERROR    | app.database | database.py:50 | get_db | Database session error: 401: Not authenticated
2025-12-23 23:49:20.036 | ERROR    | app.database | database.py:50 | get_db | Database session error: 401: Not authenticated
2025-12-24 11:54:54.209 | INFO     | app.main | main.py:26 | lifespan | Startup complete
2025-12-24 11:55:09.855 | ERROR    | app.database | database.py:50 | get_db | Database session error: 401: Incorrect email or password
2025-12-24 12:00:13.115 | ERROR    | app.database | database.py:50 | get_db | Database session error: 401: Incorrect email or password
2025-12-24 12:00:15.225 | ERROR    | app.database | database.py:50 | get_db | Database session error: 401: Incorrect email or password
2025-12-24 12:01:00.577 | ERROR    | app.database | database.py:50 | get_db | Database session error: 401: Not authenticated
2025-12-24 12:01:01.588 | ERROR    | app.database | database.py:50 | get_db | Database session error: 401: Not authenticated
2025-12-24 12:12:48.734 | WARNING  | passlib.handlers.bcrypt | bcrypt.py:622 | _load_backend_mixin | (trapped) error reading bcrypt version
Traceback (most recent call last):
  File "/home/bharat/Documents/skepesis/venv/lib/python3.13/site-packages/passlib/handlers/bcrypt.py", line 620, in _load_backend_mixin
    version = _bcrypt.__about__.__version__
              ^^^^^^^^^^^^^^^^^
AttributeError: module 'bcrypt' has no attribute '__about__'
2025-12-24 12:12:48.740 | ERROR    | app.routers.auth | auth.py:107 | register | Registration error: password cannot be longer than 72 bytes, truncate manually if necessary (e.g. my_password[:72])
2025-12-24 12:12:48.740 | ERROR    | app.database | database.py:50 | get_db | Database session error: 500: Registration failed
2025-12-24 14:56:46.323 | INFO     | sqlalchemy.engine.Engine | base.py:2710 | _connection_begin_impl | BEGIN (implicit)
2025-12-24 14:56:46.323 | INFO     | sqlalchemy.engine.Engine | base.py:1846 | _execute_context | PRAGMA main.table_info("questions")
2025-12-24 14:56:46.323 | INFO     | sqlalchemy.engine.Engine | base.py:1846 | _execute_context | [raw sql] ()
2025-12-24 14:56:46.324 | INFO     | sqlalchemy.engine.Engine | base.py:1846 | _execute_context | PRAGMA temp.table_info("questions")
2025-12-24 14:56:46.324 | INFO     | sqlalchemy.engine.Engine | base.py:1846 | _execute_context | [raw sql] ()
2025-12-24 14:56:46.324 | INFO     | sqlalchemy.engine.Engine | base.py:1846 | _execute_context | PRAGMA main.table_info("attempts")
2025-12-24 14:56:46.324 | INFO     | sqlalchemy.engine.Engine | base.py:1846 | _execute_context | [raw sql] ()
2025-12-24 14:56:46.324 | INFO     | sqlalchemy.engine.Engine | base.py:1846 | _execute_context | PRAGMA temp.table_info("attempts")
2025-12-24 14:56:46.324 | INFO     | sqlalchemy.engine.Engine | base.py:1846 | _execute_context | [raw sql] ()
2025-12-24 14:56:46.324 | INFO     | sqlalchemy.engine.Engine | base.py:1846 | _execute_context | PRAGMA main.table_info("responses")
2025-12-24 14:56:46.324 | INFO     | sqlalchemy.engine.Engine | base.py:1846 | _execute_context | [raw sql] ()
2025-12-24 14:56:46.325 | INFO     | sqlalchemy.engine.Engine | base.py:1846 | _execute_context | PRAGMA temp.table_info("responses")
2025-12-24 14:56:46.325 | INFO     | sqlalchemy.engine.Engine | base.py:1846 | _execute_context | [raw sql] ()
2025-12-24 14:56:46.325 | INFO     | sqlalchemy.engine.Engine | base.py:1846 | _execute_context | PRAGMA main.table_info("users")
2025-12-24 14:56:46.325 | INFO     | sqlalchemy.engine.Engine | base.py:1846 | _execute_context | [raw sql] ()
2025-12-24 14:56:46.325 | INFO     | sqlalchemy.engine.Engine | base.py:1846 | _execute_context | PRAGMA temp.table_info("users")
2025-12-24 14:56:46.325 | INFO     | sqlalchemy.engine.Engine | base.py:1846 | _execute_context | [raw sql] ()
2025-12-24 14:56:46.325 | INFO     | sqlalchemy.engine.Engine | base.py:1846 | _execute_context | 
CREATE TABLE questions (
	id INTEGER NOT NULL, 
	text TEXT NOT NULL, 
	question_type VARCHAR NOT NULL, 
	difficulty VARCHAR NOT NULL, 
	category VARCHAR NOT NULL, 
	correct_answer VARCHAR NOT NULL, 
	option_a VARCHAR, 
	option_b VARCHAR, 
	option_c VARCHAR, 
	option_d VARCHAR, 
	explanation TEXT, 
	PRIMARY KEY (id)
)


2025-12-24 14:56:46.326 | INFO     | sqlalchemy.engine.Engine | base.py:1846 | _execute_context | [no key 0.00009s] ()
2025-12-24 14:56:46.329 | INFO     | sqlalchemy.engine.Engine | base.py:1846 | _execute_context | CREATE INDEX ix_questions_id ON questions (id)
2025-12-24 14:56:46.329 | INFO     | sqlalchemy.engine.Engine | base.py:1846 | _execute_context | [no key 0.00009s] ()
2025-12-24 14:56:46.332 | INFO     | sqlalchemy.engine.Engine | base.py:1846 | _execute_context | 
CREATE TABLE attempts (
	id INTEGER NOT NULL, 
	student_name VARCHAR NOT NULL, 
	started_at DATETIME, 
	completed_at DATETIME, 
	total_questions INTEGER, 
	correct_answers INTEGER, 
	average_confidence FLOAT, 
	curiosity_score FLOAT, 
	PRIMARY KEY (id)
)


2025-12-24 14:56:46.332 | INFO     | sqlalchemy.engine.Engine | base.py:1846 | _execute_context | [no key 0.00011s] ()
2025-12-24 14:56:46.336 | INFO     | sqlalchemy.engine.Engine | base.py:1846 | _execute_context | CREATE INDEX ix_attempts_id ON attempts (id)
2025-12-24 14:56:46.336 | INFO     | sqlalchemy.engine.Engine | base.py:1846 | _execute_context | [no key 0.00012s] ()
2025-12-24 14:56:46.339 | INFO     | sqlalchemy.engine.Engine | base.py:1846 | _execute_context | 
CREATE TABLE users (
	id INTEGER NOT NULL, 
	email VARCHAR NOT NULL, 
	username VARCHAR NOT NULL, 
	hashed_password VARCHAR NOT NULL, 
	is_active BOOLEAN, 
	created_at DATETIME DEFAULT CURRENT_TIMESTAMP, 
	role VARCHAR(7) NOT NULL, 
	PRIMARY KEY (id)
)


2025-12-24 14:56:46.339 | INFO     | sqlalchemy.engine.Engine | base.py:1846 | _execute_context | [no key 0.00015s] ()
2025-12-24 14:56:46.342 | INFO     | sqlalchemy.engine.Engine | base.py:1846 | _execute_context | CREATE INDEX ix_users_id ON users (id)
2025-12-24 14:56:46.342 | INFO     | sqlalchemy.engine.Engine | base.py:1846 | _execute_context | [no key 0.00019s] ()
2025-12-24 14:56:46.345 | INFO     | sqlalchemy.engine.Engine | base.py:1846 | _execute_context | CREATE UNIQUE INDEX ix_users_username ON users (username)
2025-12-24 14:56:46.346 | INFO     | sqlalchemy.engine.Engine | base.py:1846 | _execute_context | [no key 0.00018s] ()
2025-12-24 14:56:46.349 | INFO     | sqlalchemy.engine.Engine | base.py:1846 | _execute_context | CREATE UNIQUE INDEX ix_users_email ON users (email)
2025-12-24 14:56:46.349 | INFO     | sqlalchemy.engine.Engine | base.py:1846 | _execute_context | [no key 0.00019s] ()
2025-12-24 14:56:46.352 | INFO     | sqlalchemy.engine.Engine | base.py:1846 | _execute_context | 
CREATE TABLE responses (
	id INTEGER NOT NULL, 
	attempt_id INTEGER NOT NULL, 
	question_id INTEGER NOT NULL, 
	user_answer VARCHAR NOT NULL, 
	confidence_level FLOAT NOT NULL, 
	is_correct BOOLEAN NOT NULL, 
	time_spent INTEGER, 
	created_at DATETIME, 
	question_text TEXT, 
	category VARCHAR, 
	difficulty VARCHAR, 
	PRIMARY KEY (id), 
	FOREIGN KEY(attempt_id) REFERENCES attempts (id)
)


2025-12-24 14:56:46.352 | INFO     | sqlalchemy.engine.Engine | base.py:1846 | _execute_context | [no key 0.00012s] ()
2025-12-24 14:56:46.355 | INFO     | sqlalchemy.engine.Engine | base.py:1846 | _execute_context | CREATE INDEX ix_responses_id ON responses (id)
2025-12-24 14:56:46.355 | INFO     | sqlalchemy.engine.Engine | base.py:1846 | _execute_context | [no key 0.00016s] ()
2025-12-24 14:56:46.358 | INFO     | sqlalchemy.engine.Engine | base.py:2716 | _connection_commit_impl | COMMIT
2025-12-24 14:56:46.358 | INFO     | app.main | main.py:26 | lifespan | Startup complete
2025-12-24 14:56:58.720 | INFO     | sqlalchemy.engine.Engine | base.py:2710 | _connection_begin_impl | BEGIN (implicit)
2025-12-24 14:56:58.725 | INFO     | sqlalchemy.engine.Engine | base.py:1846 | _execute_context | SELECT users.id, users.email, users.username, users.hashed_password, users.is_active, users.created_at, users.role 
FROM users 
WHERE users.email = ?
2025-12-24 14:56:58.725 | INFO     | sqlalchemy.engine.Engine | base.py:1846 | _execute_context | [generated in 0.00020s] ('test@example.com',)
2025-12-24 14:56:58.725 | WARNING  | passlib.handlers.bcrypt | bcrypt.py:622 | _load_backend_mixin | (trapped) error reading bcrypt version
Traceback (most recent call last):
  File "/home/bharat/Documents/skepesis/venv/lib/python3.13/site-packages/passlib/handlers/bcrypt.py", line 620, in _load_backend_mixin
    version = _bcrypt.__about__.__version__
              ^^^^^^^^^^^^^^^^^
AttributeError: module 'bcrypt' has no attribute '__about__'
2025-12-24 14:56:58.731 | ERROR    | app.routers.auth | auth.py:107 | register | Registration error: password cannot be longer than 72 bytes, truncate manually if necessary (e.g. my_password[:72])
2025-12-24 14:56:58.731 | INFO     | sqlalchemy.engine.Engine | base.py:2713 | _connection_rollback_impl | ROLLBACK
2025-12-24 14:58:57.888 | INFO     | app.main | main.py:29 | lifespan | Shutdown complete
2025-12-24 14:59:05.114 | INFO     | sqlalchemy.engine.Engine | base.py:2710 | _connection_begin_impl | BEGIN (implicit)
2025-12-24 14:59:05.114 | INFO     | sqlalchemy.engine.Engine | base.py:1846 | _execute_context | PRAGMA main.table_info("questions")
2025-12-24 14:59:05.114 | INFO     | sqlalchemy.engine.Engine | base.py:1846 | _execute_context | [raw sql] ()
2025-12-24 14:59:05.115 | INFO     | sqlalchemy.engine.Engine | base.py:1846 | _execute_context | PRAGMA main.table_info("attempts")
2025-12-24 14:59:05.115 | INFO     | sqlalchemy.engine.Engine | base.py:1846 | _execute_context | [raw sql] ()
2025-12-24 14:59:05.115 | INFO     | sqlalchemy.engine.Engine | base.py:1846 | _execute_context | PRAGMA main.table_info("responses")
2025-12-24 14:59:05.115 | INFO     | sqlalchemy.engine.Engine | base.py:1846 | _execute_context | [raw sql] ()
2025-12-24 14:59:05.115 | INFO     | sqlalchemy.engine.Engine | base.py:1846 | _execute_context | PRAGMA main.table_info("users")
2025-12-24 14:59:05.115 | INFO     | sqlalchemy.engine.Engine | base.py:1846 | _execute_context | [raw sql] ()
2025-12-24 14:59:05.115 | INFO     | sqlalchemy.engine.Engine | base.py:2716 | _connection_commit_impl | COMMIT
2025-12-24 14:59:05.116 | INFO     | app.main | main.py:26 | lifespan | Startup complete
2025-12-24 14:59:16.984 | INFO     | sqlalchemy.engine.Engine | base.py:2710 | _connection_begin_impl | BEGIN (implicit)
2025-12-24 14:59:16.988 | INFO     | sqlalchemy.engine.Engine | base.py:1846 | _execute_context | SELECT users.id, users.email, users.username, users.hashed_password, users.is_active, users.created_at, users.role 
FROM users 
WHERE users.email = ?
2025-12-24 14:59:16.988 | INFO     | sqlalchemy.engine.Engine | base.py:1846 | _execute_context | [generated in 0.00019s] ('test@example.com',)
2025-12-24 14:59:17.194 | INFO     | sqlalchemy.engine.Engine | base.py:1846 | _execute_context | INSERT INTO users (email, username, hashed_password, is_active, role) VALUES (?, ?, ?, ?, ?) RETURNING id, created_at
2025-12-24 14:59:17.194 | INFO     | sqlalchemy.engine.Engine | base.py:1846 | _execute_context | [generated in 0.00024s] ('test@example.com', 'teststudent', '$2b$12$eBAdoABDGZk5gK/fPZp3LeYqG5PHfSUPTvQdZ3NMGGqrozbxyQS26', 1, 'STUDENT')
2025-12-24 14:59:17.195 | INFO     | sqlalchemy.engine.Engine | base.py:2716 | _connection_commit_impl | COMMIT
2025-12-24 14:59:17.200 | INFO     | sqlalchemy.engine.Engine | base.py:2710 | _connection_begin_impl | BEGIN (implicit)
2025-12-24 14:59:17.200 | INFO     | sqlalchemy.engine.Engine | base.py:1846 | _execute_context | SELECT users.id, users.email, users.username, users.hashed_password, users.is_active, users.created_at, users.role 
FROM users 
WHERE users.id = ?
2025-12-24 14:59:17.200 | INFO     | sqlalchemy.engine.Engine | base.py:1846 | _execute_context | [generated in 0.00012s] (1,)
2025-12-24 14:59:17.201 | INFO     | app.routers.auth | auth.py:101 | register | New user registered: test@example.com
2025-12-24 14:59:17.201 | INFO     | sqlalchemy.engine.Engine | base.py:2716 | _connection_commit_impl | COMMIT
2025-12-24 14:59:17.207 | INFO     | sqlalchemy.engine.Engine | base.py:2710 | _connection_begin_impl | BEGIN (implicit)
2025-12-24 14:59:17.207 | INFO     | sqlalchemy.engine.Engine | base.py:1846 | _execute_context | SELECT users.id, users.email, users.username, users.hashed_password, users.is_active, users.created_at, users.role 
FROM users 
WHERE users.email = ?
2025-12-24 14:59:17.207 | INFO     | sqlalchemy.engine.Engine | base.py:1846 | _execute_context | [cached since 0.2192s ago] ('test@example.com',)
2025-12-24 14:59:17.396 | INFO     | app.routers.auth | auth.py:64 | login | User logged in: test@example.com
2025-12-24 14:59:17.397 | INFO     | sqlalchemy.engine.Engine | base.py:2716 | _connection_commit_impl | COMMIT
2025-12-24 14:59:17.399 | INFO     | sqlalchemy.engine.Engine | base.py:2710 | _connection_begin_impl | BEGIN (implicit)
2025-12-24 14:59:17.399 | INFO     | sqlalchemy.engine.Engine | base.py:1846 | _execute_context | SELECT users.id, users.email, users.username, users.hashed_password, users.is_active, users.created_at, users.role 
FROM users 
WHERE users.email = ?
2025-12-24 14:59:17.399 | INFO     | sqlalchemy.engine.Engine | base.py:1846 | _execute_context | [cached since 0.4116s ago] ('test@example.com',)
2025-12-24 14:59:17.400 | INFO     | sqlalchemy.engine.Engine | base.py:2716 | _connection_commit_impl | COMMIT
2025-12-24 15:00:18.099 | INFO     | sqlalchemy.engine.Engine | base.py:2710 | _connection_begin_impl | BEGIN (implicit)
2025-12-24 15:00:18.099 | INFO     | sqlalchemy.engine.Engine | base.py:1846 | _execute_context | SELECT users.id, users.email, users.username, users.hashed_password, users.is_active, users.created_at, users.role 
FROM users 
WHERE users.email = ?
2025-12-24 15:00:18.099 | INFO     | sqlalchemy.engine.Engine | base.py:1846 | _execute_context | [cached since 61.11s ago] ('bharat3244m@gmail.com',)
2025-12-24 15:00:18.100 | INFO     | sqlalchemy.engine.Engine | base.py:2713 | _connection_rollback_impl | ROLLBACK
2025-12-24 15:00:33.242 | INFO     | sqlalchemy.engine.Engine | base.py:2710 | _connection_begin_impl | BEGIN (implicit)
2025-12-24 15:00:33.242 | INFO     | sqlalchemy.engine.Engine | base.py:1846 | _execute_context | SELECT users.id, users.email, users.username, users.hashed_password, users.is_active, users.created_at, users.role 
FROM users 
WHERE users.email = ?
2025-12-24 15:00:33.243 | INFO     | sqlalchemy.engine.Engine | base.py:1846 | _execute_context | [cached since 76.25s ago] ('bharat3244m@gmail.com',)
2025-12-24 15:00:33.432 | INFO     | sqlalchemy.engine.Engine | base.py:1846 | _execute_context | INSERT INTO users (email, username, hashed_password, is_active, role) VALUES (?, ?, ?, ?, ?) RETURNING id, created_at
2025-12-24 15:00:33.433 | INFO     | sqlalchemy.engine.Engine | base.py:1846 | _execute_context | [cached since 76.24s ago] ('bharat3244m@gmail.com', 'bharat', '$2b$12$gDnmX8W4gUsczeaGVf1W.eDOEfx4ZqNCsKqdR8mosZ1vn9HyItSvS', 1, 'STUDENT')
2025-12-24 15:00:33.434 | INFO     | sqlalchemy.engine.Engine | base.py:2716 | _connection_commit_impl | COMMIT
2025-12-24 15:00:33.438 | INFO     | sqlalchemy.engine.Engine | base.py:2710 | _connection_begin_impl | BEGIN (implicit)
2025-12-24 15:00:33.438 | INFO     | sqlalchemy.engine.Engine | base.py:1846 | _execute_context | SELECT users.id, users.email, users.username, users.hashed_password, users.is_active, users.created_at, users.role 
FROM users 
WHERE users.id = ?
2025-12-24 15:00:33.438 | INFO     | sqlalchemy.engine.Engine | base.py:1846 | _execute_context | [cached since 76.24s ago] (2,)
2025-12-24 15:00:33.438 | INFO     | app.routers.auth | auth.py:101 | register | New user registered: bharat3244m@gmail.com
2025-12-24 15:00:33.439 | INFO     | sqlalchemy.engine.Engine | base.py:2716 | _connection_commit_impl | COMMIT
2025-12-24 15:00:41.227 | INFO     | sqlalchemy.engine.Engine | base.py:2710 | _connection_begin_impl | BEGIN (implicit)
2025-12-24 15:00:41.227 | INFO     | sqlalchemy.engine.Engine | base.py:1846 | _execute_context | SELECT users.id, users.email, users.username, users.hashed_password, users.is_active, users.created_at, users.role 
FROM users 
WHERE users.email = ?
2025-12-24 15:00:41.228 | INFO     | sqlalchemy.engine.Engine | base.py:1846 | _execute_context | [cached since 84.24s ago] ('bharat3244m@gmail.com',)
2025-12-24 15:00:41.415 | INFO     | app.routers.auth | auth.py:64 | login | User logged in: bharat3244m@gmail.com
2025-12-24 15:00:41.415 | INFO     | sqlalchemy.engine.Engine | base.py:2716 | _connection_commit_impl | COMMIT
2025-12-24 15:00:58.642 | INFO     | sqlalchemy.engine.Engine | base.py:2710 | _connection_begin_impl | BEGIN (implicit)
2025-12-24 15:00:58.642 | INFO     | sqlalchemy.engine.Engine | base.py:1846 | _execute_context | SELECT users.id, users.email, users.username, users.hashed_password, users.is_active, users.created_at, users.role 
FROM users 
WHERE users.email = ?
2025-12-24 15:00:58.642 | INFO     | sqlalchemy.engine.Engine | base.py:1846 | _execute_context | [cached since 101.7s ago] ('bharat3244m@gmail.com',)
2025-12-24 15:00:58.828 | INFO     | app.routers.auth | auth.py:64 | login | User logged in: bharat3244m@gmail.com
2025-12-24 15:00:58.829 | INFO     | sqlalchemy.engine.Engine | base.py:2716 | _connection_commit_impl | COMMIT
2025-12-24 15:06:14.067 | INFO     | sqlalchemy.engine.Engine | base.py:2710 | _connection_begin_impl | BEGIN (implicit)
2025-12-24 15:06:14.068 | INFO     | sqlalchemy.engine.Engine | base.py:1846 | _execute_context | SELECT users.id, users.email, users.username, users.hashed_password, users.is_active, users.created_at, users.role 
FROM users 
WHERE users.email = ?
2025-12-24 15:06:14.068 | INFO     | sqlalchemy.engine.Engine | base.py:1846 | _execute_context | [cached since 417.1s ago] ('bharat3244m@gmail.com',)
2025-12-24 15:06:14.256 | INFO     | app.routers.auth | auth.py:64 | login | User logged in: bharat3244m@gmail.com
2025-12-24 15:06:14.257 | INFO     | sqlalchemy.engine.Engine | base.py:2716 | _connection_commit_impl | COMMIT
2025-12-24 15:07:17.900 | INFO     | sqlalchemy.engine.Engine | base.py:2710 | _connection_begin_impl | BEGIN (implicit)
2025-12-24 15:07:17.900 | INFO     | sqlalchemy.engine.Engine | base.py:1846 | _execute_context | SELECT users.id, users.email, users.username, users.hashed_password, users.is_active, users.created_at, users.role 
FROM users 
WHERE users.email = ?
2025-12-24 15:07:17.901 | INFO     | sqlalchemy.engine.Engine | base.py:1846 | _execute_context | [cached since 480.9s ago] ('bharat3244m@gmail.com',)
2025-12-24 15:07:18.092 | INFO     | app.routers.auth | auth.py:64 | login | User logged in: bharat3244m@gmail.com
2025-12-24 15:07:18.092 | INFO     | sqlalchemy.engine.Engine | base.py:2716 | _connection_commit_impl | COMMIT
2025-12-24 16:18:23.094 | INFO     | app.main | main.py:29 | lifespan | Shutdown complete
2025-12-24 16:18:23.768 | INFO     | sqlalchemy.engine.Engine | base.py:2710 | _connection_begin_impl | BEGIN (implicit)
2025-12-24 16:18:23.769 | INFO     | sqlalchemy.engine.Engine | base.py:1846 | _execute_context | PRAGMA main.table_info("questions")
2025-12-24 16:18:23.769 | INFO     | sqlalchemy.engine.Engine | base.py:1846 | _execute_context | [raw sql] ()
2025-12-24 16:18:23.769 | INFO     | sqlalchemy.engine.Engine | base.py:1846 | _execute_context | PRAGMA main.table_info("attempts")
2025-12-24 16:18:23.769 | INFO     | sqlalchemy.engine.Engine | base.py:1846 | _execute_context | [raw sql] ()
2025-12-24 16:18:23.770 | INFO     | sqlalchemy.engine.Engine | base.py:1846 | _execute_context | PRAGMA main.table_info("responses")
2025-12-24 16:18:23.770 | INFO     | sqlalchemy.engine.Engine | base.py:1846 | _execute_context | [raw sql] ()
2025-12-24 16:18:23.770 | INFO     | sqlalchemy.engine.Engine | base.py:1846 | _execute_context | PRAGMA main.table_info("users")
2025-12-24 16:18:23.770 | INFO     | sqlalchemy.engine.Engine | base.py:1846 | _execute_context | [raw sql] ()
2025-12-24 16:18:23.770 | INFO     | sqlalchemy.engine.Engine | base.py:2716 | _connection_commit_impl | COMMIT
2025-12-24 16:18:23.770 | INFO     | app.main | main.py:26 | lifespan | Startup complete
2025-12-24 16:18:25.175 | INFO     | app.main | main.py:29 | lifespan | Shutdown complete
2025-12-24 16:18:25.703 | INFO     | sqlalchemy.engine.Engine | base.py:2710 | _connection_begin_impl | BEGIN (implicit)
2025-12-24 16:18:25.703 | INFO     | sqlalchemy.engine.Engine | base.py:1846 | _execute_context | PRAGMA main.table_info("questions")
2025-12-24 16:18:25.703 | INFO     | sqlalchemy.engine.Engine | base.py:1846 | _execute_context | [raw sql] ()
2025-12-24 16:18:25.704 | INFO     | sqlalchemy.engine.Engine | base.py:1846 | _execute_context | PRAGMA main.table_info("attempts")
2025-12-24 16:18:25.704 | INFO     | sqlalchemy.engine.Engine | base.py:1846 | _execute_context | [raw sql] ()
2025-12-24 16:18:25.704 | INFO     | sqlalchemy.engine.Engine | base.py:1846 | _execute_context | PRAGMA main.table_info("responses")
2025-12-24 16:18:25.704 | INFO     | sqlalchemy.engine.Engine | base.py:1846 | _execute_context | [raw sql] ()
2025-12-24 16:18:25.705 | INFO     | sqlalchemy.engine.Engine | base.py:1846 | _execute_context | PRAGMA main.table_info("users")
2025-12-24 16:18:25.705 | INFO     | sqlalchemy.engine.Engine | base.py:1846 | _execute_context | [raw sql] ()
2025-12-24 16:18:25.705 | INFO     | sqlalchemy.engine.Engine | base.py:2716 | _connection_commit_impl | COMMIT
2025-12-24 16:18:25.706 | INFO     | app.main | main.py:26 | lifespan | Startup complete
2025-12-24 16:18:46.562 | INFO     | app.main | main.py:29 | lifespan | Shutdown complete
2025-12-24 16:18:47.021 | INFO     | sqlalchemy.engine.Engine | base.py:2710 | _connection_begin_impl | BEGIN (implicit)
2025-12-24 16:18:47.022 | INFO     | sqlalchemy.engine.Engine | base.py:1846 | _execute_context | PRAGMA main.table_info("questions")
2025-12-24 16:18:47.022 | INFO     | sqlalchemy.engine.Engine | base.py:1846 | _execute_context | [raw sql] ()
2025-12-24 16:18:47.022 | INFO     | sqlalchemy.engine.Engine | base.py:1846 | _execute_context | PRAGMA main.table_info("attempts")
2025-12-24 16:18:47.022 | INFO     | sqlalchemy.engine.Engine | base.py:1846 | _execute_context | [raw sql] ()
2025-12-24 16:18:47.022 | INFO     | sqlalchemy.engine.Engine | base.py:1846 | _execute_context | PRAGMA main.table_info("responses")
2025-12-24 16:18:47.022 | INFO     | sqlalchemy.engine.Engine | base.py:1846 | _execute_context | [raw sql] ()
2025-12-24 16:18:47.023 | INFO     | sqlalchemy.engine.Engine | base.py:1846 | _execute_context | PRAGMA main.table_info("users")
2025-12-24 16:18:47.023 | INFO     | sqlalchemy.engine.Engine | base.py:1846 | _execute_context | [raw sql] ()
2025-12-24 16:18:47.023 | INFO     | sqlalchemy.engine.Engine | base.py:2716 | _connection_commit_impl | COMMIT
2025-12-24 16:18:47.023 | INFO     | app.main | main.py:26 | lifespan | Startup complete
2025-12-24 16:18:50.633 | INFO     | app.main | main.py:29 | lifespan | Shutdown complete
2025-12-24 16:18:51.113 | INFO     | sqlalchemy.engine.Engine | base.py:2710 | _connection_begin_impl | BEGIN (implicit)
2025-12-24 16:18:51.114 | INFO     | sqlalchemy.engine.Engine | base.py:1846 | _execute_context | PRAGMA main.table_info("questions")
2025-12-24 16:18:51.114 | INFO     | sqlalchemy.engine.Engine | base.py:1846 | _execute_context | [raw sql] ()
2025-12-24 16:18:51.114 | INFO     | sqlalchemy.engine.Engine | base.py:1846 | _execute_context | PRAGMA main.table_info("attempts")
2025-12-24 16:18:51.114 | INFO     | sqlalchemy.engine.Engine | base.py:1846 | _execute_context | [raw sql] ()
2025-12-24 16:18:51.115 | INFO     | sqlalchemy.engine.Engine | base.py:1846 | _execute_context | PRAGMA main.table_info("responses")
2025-12-24 16:18:51.115 | INFO     | sqlalchemy.engine.Engine | base.py:1846 | _execute_context | [raw sql] ()
2025-12-24 16:18:51.115 | INFO     | sqlalchemy.engine.Engine | base.py:1846 | _execute_context | PRAGMA main.table_info("users")
2025-12-24 16:18:51.115 | INFO     | sqlalchemy.engine.Engine | base.py:1846 | _execute_context | [raw sql] ()
2025-12-24 16:18:51.116 | INFO     | sqlalchemy.engine.Engine | base.py:2716 | _connection_commit_impl | COMMIT
2025-12-24 16:18:51.116 | INFO     | app.main | main.py:26 | lifespan | Startup complete
2025-12-24 16:18:51.919 | INFO     | app.main | main.py:29 | lifespan | Shutdown complete
2025-12-24 16:18:52.378 | INFO     | sqlalchemy.engine.Engine | base.py:2710 | _connection_begin_impl | BEGIN (implicit)
2025-12-24 16:18:52.378 | INFO     | sqlalchemy.engine.Engine | base.py:1846 | _execute_context | PRAGMA main.table_info("questions")
2025-12-24 16:18:52.378 | INFO     | sqlalchemy.engine.Engine | base.py:1846 | _execute_context | [raw sql] ()
2025-12-24 16:18:52.379 | INFO     | sqlalchemy.engine.Engine | base.py:1846 | _execute_context | PRAGMA main.table_info("attempts")
2025-12-24 16:18:52.379 | INFO     | sqlalchemy.engine.Engine | base.py:1846 | _execute_context | [raw sql] ()
2025-12-24 16:18:52.379 | INFO     | sqlalchemy.engine.Engine | base.py:1846 | _execute_context | PRAGMA main.table_info("responses")
2025-12-24 16:18:52.379 | INFO     | sqlalchemy.engine.Engine | base.py:1846 | _execute_context | [raw sql] ()
2025-12-24 16:18:52.379 | INFO     | sqlalchemy.engine.Engine | base.py:1846 | _execute_context | PRAGMA main.table_info("users")
2025-12-24 16:18:52.379 | INFO     | sqlalchemy.engine.Engine | base.py:1846 | _execute_context | [raw sql] ()
2025-12-24 16:18:52.379 | INFO     | sqlalchemy.engine.Engine | base.py:2716 | _connection_commit_impl | COMMIT
2025-12-24 16:18:52.380 | INFO     | app.main | main.py:26 | lifespan | Startup complete
2025-12-24 16:18:54.389 | INFO     | app.main | main.py:29 | lifespan | Shutdown complete
2025-12-24 16:18:54.855 | INFO     | sqlalchemy.engine.Engine | base.py:2710 | _connection_begin_impl | BEGIN (implicit)
2025-12-24 16:18:54.855 | INFO     | sqlalchemy.engine.Engine | base.py:1846 | _execute_context | PRAGMA main.table_info("questions")
2025-12-24 16:18:54.855 | INFO     | sqlalchemy.engine.Engine | base.py:1846 | _execute_context | [raw sql] ()
2025-12-24 16:18:54.856 | INFO     | sqlalchemy.engine.Engine | base.py:1846 | _execute_context | PRAGMA main.table_info("attempts")
2025-12-24 16:18:54.856 | INFO     | sqlalchemy.engine.Engine | base.py:1846 | _execute_context | [raw sql] ()
2025-12-24 16:18:54.856 | INFO     | sqlalchemy.engine.Engine | base.py:1846 | _execute_context | PRAGMA main.table_info("responses")
2025-12-24 16:18:54.856 | INFO     | sqlalchemy.engine.Engine | base.py:1846 | _execute_context | [raw sql] ()
2025-12-24 16:18:54.856 | INFO     | sqlalchemy.engine.Engine | base.py:1846 | _execute_context | PRAGMA main.table_info("users")
2025-12-24 16:18:54.856 | INFO     | sqlalchemy.engine.Engine | base.py:1846 | _execute_context | [raw sql] ()
2025-12-24 16:18:54.856 | INFO     | sqlalchemy.engine.Engine | base.py:2716 | _connection_commit_impl | COMMIT
2025-12-24 16:18:54.857 | INFO     | app.main | main.py:26 | lifespan | Startup complete
2025-12-24 16:18:58.170 | INFO     | app.main | main.py:29 | lifespan | Shutdown complete
2025-12-24 16:18:59.525 | INFO     | sqlalchemy.engine.Engine | base.py:2710 | _connection_begin_impl | BEGIN (implicit)
2025-12-24 16:18:59.525 | INFO     | sqlalchemy.engine.Engine | base.py:1846 | _execute_context | PRAGMA main.table_info("questions")
2025-12-24 16:18:59.526 | INFO     | sqlalchemy.engine.Engine | base.py:1846 | _execute_context | [raw sql] ()
2025-12-24 16:18:59.526 | INFO     | sqlalchemy.engine.Engine | base.py:1846 | _execute_context | PRAGMA main.table_info("attempts")
2025-12-24 16:18:59.526 | INFO     | sqlalchemy.engine.Engine | base.py:1846 | _execute_context | [raw sql] ()
2025-12-24 16:18:59.526 | INFO     | sqlalchemy.engine.Engine | base.py:1846 | _execute_context | PRAGMA main.table_info("responses")
2025-12-24 16:18:59.526 | INFO     | sqlalchemy.engine.Engine | base.py:1846 | _execute_context | [raw sql] ()
2025-12-24 16:18:59.527 | INFO     | sqlalchemy.engine.Engine | base.py:1846 | _execute_context | PRAGMA main.table_info("users")
2025-12-24 16:18:59.527 | INFO     | sqlalchemy.engine.Engine | base.py:1846 | _execute_context | [raw sql] ()
2025-12-24 16:18:59.527 | INFO     | sqlalchemy.engine.Engine | base.py:2716 | _connection_commit_impl | COMMIT
2025-12-24 16:18:59.527 | INFO     | app.main | main.py:26 | lifespan | Startup complete
2025-12-24 16:19:01.532 | INFO     | app.main | main.py:29 | lifespan | Shutdown complete
2025-12-24 16:19:03.376 | INFO     | sqlalchemy.engine.Engine | base.py:2710 | _connection_begin_impl | BEGIN (implicit)
2025-12-24 16:19:03.376 | INFO     | sqlalchemy.engine.Engine | base.py:1846 | _execute_context | PRAGMA main.table_info("questions")
2025-12-24 16:19:03.376 | INFO     | sqlalchemy.engine.Engine | base.py:1846 | _execute_context | [raw sql] ()
2025-12-24 16:19:03.376 | INFO     | sqlalchemy.engine.Engine | base.py:1846 | _execute_context | PRAGMA main.table_info("attempts")
2025-12-24 16:19:03.377 | INFO     | sqlalchemy.engine.Engine | base.py:1846 | _execute_context | [raw sql] ()
2025-12-24 16:19:03.377 | INFO     | sqlalchemy.engine.Engine | base.py:1846 | _execute_context | PRAGMA main.table_info("responses")
2025-12-24 16:19:03.377 | INFO     | sqlalchemy.engine.Engine | base.py:1846 | _execute_context | [raw sql] ()
2025-12-24 16:19:03.377 | INFO     | sqlalchemy.engine.Engine | base.py:1846 | _execute_context | PRAGMA main.table_info("users")
2025-12-24 16:19:03.377 | INFO     | sqlalchemy.engine.Engine | base.py:1846 | _execute_context | [raw sql] ()
2025-12-24 16:19:03.377 | INFO     | sqlalchemy.engine.Engine | base.py:2716 | _connection_commit_impl | COMMIT
2025-12-24 16:19:03.378 | INFO     | app.main | main.py:26 | lifespan | Startup complete
2025-12-24 16:19:04.181 | INFO     | app.main | main.py:29 | lifespan | Shutdown complete
2025-12-24 16:40:46.894 | INFO     | sqlalchemy.engine.Engine | base.py:2710 | _connection_begin_impl | BEGIN (implicit)
2025-12-24 16:40:46.895 | INFO     | sqlalchemy.engine.Engine | base.py:1846 | _execute_context | PRAGMA main.table_info("questions")
2025-12-24 16:40:46.895 | INFO     | sqlalchemy.engine.Engine | base.py:1846 | _execute_context | [raw sql] ()
2025-12-24 16:40:46.895 | INFO     | sqlalchemy.engine.Engine | base.py:1846 | _execute_context | PRAGMA main.table_info("attempts")
2025-12-24 16:40:46.895 | INFO     | sqlalchemy.engine.Engine | base.py:1846 | _execute_context | [raw sql] ()
2025-12-24 16:40:46.896 | INFO     | sqlalchemy.engine.Engine | base.py:1846 | _execute_context | PRAGMA main.table_info("responses")
2025-12-24 16:40:46.896 | INFO     | sqlalchemy.engine.Engine | base.py:1846 | _execute_context | [raw sql] ()
2025-12-24 16:40:46.896 | INFO     | sqlalchemy.engine.Engine | base.py:1846 | _execute_context | PRAGMA main.table_info("users")
2025-12-24 16:40:46.896 | INFO     | sqlalchemy.engine.Engine | base.py:1846 | _execute_context | [raw sql] ()
2025-12-24 16:40:46.896 | INFO     | sqlalchemy.engine.Engine | base.py:2716 | _connection_commit_impl | COMMIT
2025-12-24 16:40:46.897 | INFO     | app.main | main.py:27 | lifespan | Startup complete
2025-12-24 16:41:02.242 | INFO     | app.main | main.py:30 | lifespan | Shutdown complete
2025-12-24 16:41:04.396 | INFO     | sqlalchemy.engine.Engine | base.py:2710 | _connection_begin_impl | BEGIN (implicit)
2025-12-24 16:41:04.396 | INFO     | sqlalchemy.engine.Engine | base.py:1846 | _execute_context | PRAGMA main.table_info("questions")
2025-12-24 16:41:04.396 | INFO     | sqlalchemy.engine.Engine | base.py:1846 | _execute_context | [raw sql] ()
2025-12-24 16:41:04.397 | INFO     | sqlalchemy.engine.Engine | base.py:1846 | _execute_context | PRAGMA main.table_info("attempts")
2025-12-24 16:41:04.397 | INFO     | sqlalchemy.engine.Engine | base.py:1846 | _execute_context | [raw sql] ()
2025-12-24 16:41:04.398 | INFO     | sqlalchemy.engine.Engine | base.py:1846 | _execute_context | PRAGMA main.table_info("responses")
2025-12-24 16:41:04.398 | INFO     | sqlalchemy.engine.Engine | base.py:1846 | _execute_context | [raw sql] ()
2025-12-24 16:41:04.398 | INFO     | sqlalchemy.engine.Engine | base.py:1846 | _execute_context | PRAGMA main.table_info("users")
2025-12-24 16:41:04.398 | INFO     | sqlalchemy.engine.Engine | base.py:1846 | _execute_context | [raw sql] ()
2025-12-24 16:41:04.399 | INFO     | sqlalchemy.engine.Engine | base.py:2716 | _connection_commit_impl | COMMIT
2025-12-24 16:41:04.399 | INFO     | app.main | main.py:27 | lifespan | Startup complete
